d:\user\desktop\wii\wiiuse-build\src\wiiuse.dir\debug\vc141.pdb
d:\user\desktop\wii\wiiuse-build\src\wiiuse.dir\debug\os_win.obj
d:\user\desktop\wii\wiiuse-build\src\wiiuse.dir\debug\util.obj
d:\user\desktop\wii\wiiuse-build\src\wiiuse.dir\debug\motion_plus.obj
d:\user\desktop\wii\wiiuse-build\src\wiiuse.dir\debug\wiiboard.obj
d:\user\desktop\wii\wiiuse-build\src\wiiuse.dir\debug\wiiuse.obj
d:\user\desktop\wii\wiiuse-build\src\wiiuse.dir\debug\nunchuk.obj
d:\user\desktop\wii\wiiuse-build\src\wiiuse.dir\debug\ir.obj
d:\user\desktop\wii\wiiuse-build\src\wiiuse.dir\debug\io.obj
d:\user\desktop\wii\wiiuse-build\src\wiiuse.dir\debug\guitar_hero_3.obj
d:\user\desktop\wii\wiiuse-build\src\wiiuse.dir\debug\events.obj
d:\user\desktop\wii\wiiuse-build\src\wiiuse.dir\debug\dynamics.obj
d:\user\desktop\wii\wiiuse-build\src\wiiuse.dir\debug\classic.obj
d:\user\desktop\wii\wiiuse-build\src\cmakefiles\generate.stamp
d:\user\desktop\wii\wiiuse-build\src\debug\wiiuse_debug.ilk
d:\user\desktop\wii\wiiuse-build\src\debug\wiiuse_debug.dll
d:\user\desktop\wii\wiiuse-build\src\debug\wiiuse_debug.pdb
d:\user\desktop\wii\wiiuse-build\src\debug\wiiuse_debug.lib
d:\user\desktop\wii\wiiuse-build\src\debug\wiiuse_debug.exp
d:\user\desktop\wii\wiiuse-build\src\wiiuse.dir\debug\wiiuse.tlog\cl.command.1.tlog
d:\user\desktop\wii\wiiuse-build\src\wiiuse.dir\debug\wiiuse.tlog\cl.read.1.tlog
d:\user\desktop\wii\wiiuse-build\src\wiiuse.dir\debug\wiiuse.tlog\cl.write.1.tlog
d:\user\desktop\wii\wiiuse-build\src\wiiuse.dir\debug\wiiuse.tlog\custombuild.command.1.tlog
d:\user\desktop\wii\wiiuse-build\src\wiiuse.dir\debug\wiiuse.tlog\custombuild.read.1.tlog
d:\user\desktop\wii\wiiuse-build\src\wiiuse.dir\debug\wiiuse.tlog\custombuild.write.1.tlog
d:\user\desktop\wii\wiiuse-build\src\wiiuse.dir\debug\wiiuse.tlog\link.command.1.tlog
d:\user\desktop\wii\wiiuse-build\src\wiiuse.dir\debug\wiiuse.tlog\link.read.1.tlog
d:\user\desktop\wii\wiiuse-build\src\wiiuse.dir\debug\wiiuse.tlog\link.write.1.tlog
d:\user\desktop\wii\wiiuse-build\src\wiiuse.dir\debug\wiiuse.tlog\wiiuse.write.1u.tlog
