d:\user\desktop\wii\wiiuse-build\src\wiiuse.dir\release\os_win.obj
d:\user\desktop\wii\wiiuse-build\src\wiiuse.dir\release\util.obj
d:\user\desktop\wii\wiiuse-build\src\wiiuse.dir\release\motion_plus.obj
d:\user\desktop\wii\wiiuse-build\src\wiiuse.dir\release\wiiboard.obj
d:\user\desktop\wii\wiiuse-build\src\wiiuse.dir\release\wiiuse.obj
d:\user\desktop\wii\wiiuse-build\src\wiiuse.dir\release\nunchuk.obj
d:\user\desktop\wii\wiiuse-build\src\wiiuse.dir\release\ir.obj
d:\user\desktop\wii\wiiuse-build\src\wiiuse.dir\release\io.obj
d:\user\desktop\wii\wiiuse-build\src\wiiuse.dir\release\guitar_hero_3.obj
d:\user\desktop\wii\wiiuse-build\src\wiiuse.dir\release\events.obj
d:\user\desktop\wii\wiiuse-build\src\wiiuse.dir\release\dynamics.obj
d:\user\desktop\wii\wiiuse-build\src\wiiuse.dir\release\classic.obj
d:\user\desktop\wii\wiiuse-build\src\cmakefiles\generate.stamp
d:\user\desktop\wii\wiiuse-build\src\release\wiiuse.dll
d:\user\desktop\wii\wiiuse-build\src\release\wiiuse.lib
d:\user\desktop\wii\wiiuse-build\src\release\wiiuse.exp
d:\user\desktop\wii\wiiuse-build\src\wiiuse.dir\release\wiiuse.tlog\cl.command.1.tlog
d:\user\desktop\wii\wiiuse-build\src\wiiuse.dir\release\wiiuse.tlog\cl.read.1.tlog
d:\user\desktop\wii\wiiuse-build\src\wiiuse.dir\release\wiiuse.tlog\cl.write.1.tlog
d:\user\desktop\wii\wiiuse-build\src\wiiuse.dir\release\wiiuse.tlog\custombuild.command.1.tlog
d:\user\desktop\wii\wiiuse-build\src\wiiuse.dir\release\wiiuse.tlog\custombuild.read.1.tlog
d:\user\desktop\wii\wiiuse-build\src\wiiuse.dir\release\wiiuse.tlog\custombuild.write.1.tlog
d:\user\desktop\wii\wiiuse-build\src\wiiuse.dir\release\wiiuse.tlog\link.command.1.tlog
d:\user\desktop\wii\wiiuse-build\src\wiiuse.dir\release\wiiuse.tlog\link.read.1.tlog
d:\user\desktop\wii\wiiuse-build\src\wiiuse.dir\release\wiiuse.tlog\link.write.1.tlog
d:\user\desktop\wii\wiiuse-build\src\wiiuse.dir\release\wiiuse.tlog\wiiuse.write.1u.tlog
