d:\user\desktop\wiimb2ddr\wiimb2ddr-master\wiipair\debug\wiimb2ddr.pch
d:\user\desktop\wiimb2ddr\wiimb2ddr-master\wiipair\debug\vc141.pdb
d:\user\desktop\wiimb2ddr\wiimb2ddr-master\wiipair\debug\vc141.idb
d:\user\desktop\wiimb2ddr\wiimb2ddr-master\wiipair\debug\stdafx.obj
d:\user\desktop\wiimb2ddr\wiimb2ddr-master\wiipair\debug\wiimb2ddr.obj
d:\user\desktop\wiimb2ddr\wiimb2ddr\wiimb2ddr-master\wiipair\debug\wiimb2ddr.pch
d:\user\desktop\wiimb2ddr\wiimb2ddr\wiimb2ddr-master\wiipair\debug\vc141.pdb
d:\user\desktop\wiimb2ddr\wiimb2ddr\wiimb2ddr-master\wiipair\debug\vc141.idb
d:\user\desktop\wiimb2ddr\wiimb2ddr\wiimb2ddr-master\wiipair\debug\stdafx.obj
d:\user\desktop\wiimb2ddr\wiimb2ddr\wiimb2ddr-master\wiipair\debug\wiimb2ddr.obj
d:\user\desktop\wiimb2ddr\wiimb2ddr-master\debug\wiimb2ddr.ilk
d:\user\desktop\wiimb2ddr\wiimb2ddr-master\debug\wiimb2ddr.exe
d:\user\desktop\wiimb2ddr\wiimb2ddr-master\debug\wiimb2ddr.pdb
d:\user\desktop\wiimb2ddr\wiimb2ddr\wiimb2ddr-master\debug\wiimb2ddr.exe
d:\user\desktop\wiimb2ddr\wiimb2ddr\wiimb2ddr-master\debug\wiimb2ddr.ilk
d:\user\desktop\wiimb2ddr\wiimb2ddr\wiimb2ddr-master\debug\wiimb2ddr.pdb
d:\user\desktop\wiimb2ddr\wiimb2ddr\wiimb2ddr-master\wiipair\debug\wiimb2ddr.tlog\cl.command.1.tlog
d:\user\desktop\wiimb2ddr\wiimb2ddr\wiimb2ddr-master\wiipair\debug\wiimb2ddr.tlog\cl.read.1.tlog
d:\user\desktop\wiimb2ddr\wiimb2ddr\wiimb2ddr-master\wiipair\debug\wiimb2ddr.tlog\cl.write.1.tlog
d:\user\desktop\wiimb2ddr\wiimb2ddr\wiimb2ddr-master\wiipair\debug\wiimb2ddr.tlog\link.command.1.tlog
d:\user\desktop\wiimb2ddr\wiimb2ddr\wiimb2ddr-master\wiipair\debug\wiimb2ddr.tlog\link.read.1.tlog
d:\user\desktop\wiimb2ddr\wiimb2ddr\wiimb2ddr-master\wiipair\debug\wiimb2ddr.tlog\link.write.1.tlog
